<?xml version="1.0" encoding="UTF-8"?>
<!-- Generated by org.testng.reporters.JUnitReportReporter -->
<testsuite hostname="DESKTOP-SJ1N1UM" failures="0" tests="1" name="com.ui.tests.LoginTest" time="10.223" errors="0" timestamp="2025-03-23T13:48:13 IST" skipped="0">
  <testcase classname="com.ui.tests.LoginTest" name="loginTest" time="10.223"/>
</testsuite> <!-- com.ui.tests.LoginTest -->
